{"total": {"lines":{"total":202,"covered":202,"skipped":0,"pct":100},"statements":{"total":206,"covered":206,"skipped":0,"pct":100},"functions":{"total":27,"covered":27,"skipped":0,"pct":100},"branches":{"total":18,"covered":16,"skipped":0,"pct":88.88},"branchesTrue":{"total":0,"covered":0,"skipped":0,"pct":"Unknown"}}
,"C:\\Users\\HP\\Desktop\\gigs\\Prepea\\src\\pages\\CoaLookup.tsx": {"lines":{"total":202,"covered":202,"skipped":0,"pct":100},"functions":{"total":27,"covered":27,"skipped":0,"pct":100},"statements":{"total":206,"covered":206,"skipped":0,"pct":100},"branches":{"total":18,"covered":16,"skipped":0,"pct":88.88}}
}
