TN:
SF:src\pages\CoaLookup.tsx
FN:34,SearchSection
FN:38,(anonymous_1)
FN:86,(anonymous_2)
FN:128,generatePeakPath
FN:140,generatePeakFill
FN:152,Chromotogram
FN:161,(anonymous_6)
FN:162,(anonymous_7)
FN:165,(anonymous_8)
FN:171,(anonymous_9)
FN:181,(anonymous_10)
FN:185,(anonymous_11)
FN:238,SampleCertificate
FN:290,PdfDownloadButton
FN:293,(anonymous_14)
FN:296,(anonymous_15)
FN:337,(anonymous_16)
FN:377,(anonymous_17)
FN:486,Metrics
FN:496,(anonymous_19)
FN:511,ChromatogramCard
FN:534,CoaLookup
FN:538,(anonymous_22)
FN:539,(anonymous_23)
FN:541,(anonymous_24)
FN:542,(anonymous_25)
FN:547,(anonymous_26)
FNF:27
FNH:27
FNDA:157,SearchSection
FNDA:8,(anonymous_1)
FNDA:62,(anonymous_2)
FNDA:100,generatePeakPath
FNDA:100,generatePeakFill
FNDA:100,Chromotogram
FNDA:62,(anonymous_6)
FNDA:8740,(anonymous_7)
FNDA:4362,(anonymous_8)
FNDA:62,(anonymous_9)
FNDA:400,(anonymous_10)
FNDA:400,(anonymous_11)
FNDA:87,SampleCertificate
FNDA:114,PdfDownloadButton
FNDA:14,(anonymous_14)
FNDA:13,(anonymous_15)
FNDA:78,(anonymous_16)
FNDA:52,(anonymous_17)
FNDA:87,Metrics
FNDA:261,(anonymous_19)
FNDA:87,ChromatogramCard
FNDA:87,CoaLookup
FNDA:62,(anonymous_22)
FNDA:25,(anonymous_23)
FNDA:24,(anonymous_24)
FNDA:24,(anonymous_25)
FNDA:62,(anonymous_26)
DA:1,1
DA:2,1
DA:3,1
DA:4,1
DA:6,1
DA:23,1
DA:35,157
DA:36,157
DA:38,157
DA:39,8
DA:40,8
DA:42,8
DA:43,3
DA:44,3
DA:46,5
DA:47,3
DA:48,3
DA:50,2
DA:53,157
DA:59,157
DA:87,62
DA:88,62
DA:129,100
DA:130,100
DA:131,100
DA:132,100
DA:133,100
DA:134,100
DA:135,100
DA:137,100
DA:141,100
DA:142,100
DA:143,100
DA:144,100
DA:145,100
DA:146,100
DA:147,100
DA:149,100
DA:153,100
DA:154,100
DA:155,100
DA:156,100
DA:158,100
DA:159,100
DA:161,100
DA:162,62
DA:163,8740
DA:164,4362
DA:165,4362
DA:166,4362
DA:168,8740
DA:170,62
DA:171,62
DA:174,100
DA:176,100
DA:182,400
DA:186,400
DA:239,87
DA:291,114
DA:293,114
DA:294,14
DA:296,14
DA:297,13
DA:298,13
DA:299,13
DA:300,13
DA:301,13
DA:303,13
DA:304,13
DA:305,13
DA:306,13
DA:307,13
DA:308,13
DA:309,13
DA:310,13
DA:311,13
DA:312,13
DA:314,13
DA:316,13
DA:317,13
DA:318,13
DA:319,13
DA:320,13
DA:321,13
DA:322,13
DA:324,13
DA:325,13
DA:326,13
DA:328,13
DA:337,13
DA:338,78
DA:339,78
DA:340,78
DA:341,78
DA:342,78
DA:345,13
DA:347,13
DA:348,13
DA:349,13
DA:350,13
DA:351,13
DA:352,13
DA:353,13
DA:355,13
DA:356,13
DA:358,13
DA:365,13
DA:366,13
DA:367,13
DA:368,13
DA:369,13
DA:370,13
DA:371,13
DA:372,13
DA:373,13
DA:375,13
DA:376,13
DA:377,13
DA:378,52
DA:379,26
DA:380,26
DA:382,52
DA:383,52
DA:384,52
DA:385,52
DA:386,52
DA:387,52
DA:390,13
DA:392,13
DA:393,13
DA:394,13
DA:395,13
DA:396,13
DA:397,13
DA:398,13
DA:400,13
DA:401,13
DA:402,13
DA:404,13
DA:405,13
DA:406,13
DA:408,13
DA:409,13
DA:410,13
DA:412,13
DA:413,13
DA:414,13
DA:415,13
DA:417,13
DA:419,13
DA:420,13
DA:421,13
DA:422,13
DA:424,13
DA:425,13
DA:426,13
DA:427,13
DA:428,13
DA:429,13
DA:430,13
DA:431,13
DA:432,13
DA:433,13
DA:435,13
DA:437,13
DA:438,13
DA:439,13
DA:440,13
DA:442,13
DA:443,13
DA:444,13
DA:445,13
DA:446,13
DA:447,13
DA:448,13
DA:449,13
DA:451,13
DA:452,13
DA:453,13
DA:454,13
DA:455,13
DA:456,13
DA:457,13
DA:459,13
DA:460,13
DA:464,114
DA:487,87
DA:493,87
DA:497,261
DA:512,87
DA:534,1
DA:535,87
DA:536,87
DA:538,87
DA:539,62
DA:540,25
DA:541,25
DA:542,24
DA:543,24
DA:547,62
DA:550,87
DA:552,87
LF:202
LH:202
BRDA:42,0,0,3
BRDA:42,0,1,5
BRDA:46,1,0,3
BRDA:46,1,1,2
BRDA:101,2,0,157
BRDA:101,2,1,8
BRDA:105,3,0,3
BRDA:105,3,1,5
BRDA:109,4,0,3
BRDA:109,4,1,5
BRDA:128,5,0,0
BRDA:140,6,0,0
BRDA:163,7,0,4362
BRDA:163,7,1,4378
BRDA:378,8,0,26
BRDA:378,8,1,26
BRDA:471,9,0,14
BRDA:471,9,1,100
BRF:18
BRH:16
end_of_record
